<?xml version="1.0" encoding="UTF-8"?>
<robot generator="Robot 6.0.2 (Python 3.7.9 on win32)" generated="20230305 03:29:01.764" rpa="false" schemaversion="3">
<suite id="s1" name="Openfile" source="C:\Users\tilak\Desktop\GitProjects\workday\robotselenium\openfile.robot">
<test id="s1-t1" name="Google Devops And Find Eficode" line="5">
<kw name="Open Browser To Google">
<kw name="Open Browser" library="Selenium2Library">
<arg>https://michaels.wd5.myworkdayjobs.com/External/login?redirect=%2FExternal%2Fjob%2FIrving-Irving-Corporate-Office-3939-West-John-Carpenter-Freeway%2FAssociate-Category-Manager_R00207772%2Fapply%3Fsource%3DLinkedin</arg>
<arg>browser=edge</arg>
<doc>Opens a new browser instance to the optional ``url``.</doc>
<msg timestamp="20230305 03:29:02.128" level="INFO">Opening browser 'edge' to base url 'https://michaels.wd5.myworkdayjobs.com/External/login?redirect=%2FExternal%2Fjob%2FIrving-Irving-Corporate-Office-3939-West-John-Carpenter-Freeway%2FAssociate-Category-Manager_R00207772%2Fapply%3Fsource%3DLinkedin'.</msg>
<status status="PASS" starttime="20230305 03:29:02.126" endtime="20230305 03:29:06.977"/>
</kw>
<kw name="Maximize Browser Window" library="Selenium2Library">
<doc>Maximizes current browser window.</doc>
<status status="PASS" starttime="20230305 03:29:06.977" endtime="20230305 03:29:07.187"/>
</kw>
<kw name="Google Should Be Open">
<kw name="Location Should Contain" library="Selenium2Library">
<arg>myworkdayjobs</arg>
<doc>Verifies that the current URL contains ``expected``.</doc>
<msg timestamp="20230305 03:29:07.204" level="INFO">Current location contains 'myworkdayjobs'.</msg>
<status status="PASS" starttime="20230305 03:29:07.189" endtime="20230305 03:29:07.204"/>
</kw>
<status status="PASS" starttime="20230305 03:29:07.187" endtime="20230305 03:29:07.205"/>
</kw>
<kw name="Enter value in Workday">
<kw name="Wait Until Element Is Visible" library="Selenium2Library">
<arg>xpath: //*[@id="input-4"]</arg>
<doc>Waits until the element ``locator`` is visible.</doc>
<status status="PASS" starttime="20230305 03:29:07.207" endtime="20230305 03:29:09.263"/>
</kw>
<kw name="Input Text" library="Selenium2Library">
<arg>xpath: //*[@id="input-4"]</arg>
<arg>Admin</arg>
<doc>Types the given ``text`` into the text field identified by ``locator``.</doc>
<msg timestamp="20230305 03:29:09.263" level="INFO">Typing text 'Admin' into text field 'xpath: //*[@id="input-4"]'.</msg>
<status status="PASS" starttime="20230305 03:29:09.263" endtime="20230305 03:29:09.442"/>
</kw>
<kw name="Wait Until Element Is Visible" library="Selenium2Library">
<arg>id=input-5</arg>
<doc>Waits until the element ``locator`` is visible.</doc>
<status status="PASS" starttime="20230305 03:29:09.443" endtime="20230305 03:29:09.489"/>
</kw>
<kw name="Input Password" library="Selenium2Library">
<arg>id=input-5</arg>
<arg>admin123</arg>
<doc>Types the given password into the text field identified by ``locator``.</doc>
<msg timestamp="20230305 03:29:09.490" level="INFO">Typing password into text field 'id=input-5'.</msg>
<msg timestamp="20230305 03:29:09.555" level="INFO">Temporally setting log level to: NONE</msg>
<msg timestamp="20230305 03:29:09.661" level="INFO">Log level changed from NONE to INFO.</msg>
<status status="PASS" starttime="20230305 03:29:09.489" endtime="20230305 03:29:09.661"/>
</kw>
<status status="PASS" starttime="20230305 03:29:07.205" endtime="20230305 03:29:09.661"/>
</kw>
<kw name="Click submit button">
<kw name="Wait Until Element Is Visible" library="Selenium2Library">
<arg>xpath://div[@data-automation-id="click_filter"]</arg>
<doc>Waits until the element ``locator`` is visible.</doc>
<status status="PASS" starttime="20230305 03:29:09.662" endtime="20230305 03:29:09.707"/>
</kw>
<kw name="Click Element At Coordinates" library="Selenium2Library">
<arg>xpath://button[@data-automation-id="signInSubmitButton"]</arg>
<arg>${0}</arg>
<arg>${0}</arg>
<doc>Click the element ``locator`` at ``xoffset/yoffset``.</doc>
<msg timestamp="20230305 03:29:09.710" level="INFO">Clicking element 'xpath://button[@data-automation-id="signInSubmitButton"]' at coordinates x=0, y=0.</msg>
<status status="PASS" starttime="20230305 03:29:09.708" endtime="20230305 03:29:10.314"/>
</kw>
<status status="PASS" starttime="20230305 03:29:09.662" endtime="20230305 03:29:10.314"/>
</kw>
<status status="PASS" starttime="20230305 03:29:02.124" endtime="20230305 03:29:10.315"/>
</kw>
<status status="PASS" starttime="20230305 03:29:02.120" endtime="20230305 03:29:10.357"/>
</test>
<status status="PASS" starttime="20230305 03:29:01.766" endtime="20230305 03:29:10.360"/>
</suite>
<statistics>
<total>
<stat pass="1" fail="0" skip="0">All Tests</stat>
</total>
<tag>
</tag>
<suite>
<stat pass="1" fail="0" skip="0" id="s1" name="Openfile">Openfile</stat>
</suite>
</statistics>
<errors>
</errors>
</robot>
